<?xml version="1.0" encoding="UTF-8"?>
<testng-results skipped="0" failed="0" total="1" passed="1">
  <reporter-output>
  </reporter-output>
  <suite name="Command line suite" duration-ms="12" started-at="2019-03-10T08:13:16Z" finished-at="2019-03-10T08:13:16Z">
    <groups>
    </groups>
    <test name="Command line test" duration-ms="12" started-at="2019-03-10T08:13:16Z" finished-at="2019-03-10T08:13:16Z">
      <class name="com.bbc.PageObjectDemo.AppTest">
        <test-method status="PASS" signature="testApp()[pri:0, instance:testApp(com.bbc.PageObjectDemo.AppTest)]" name="testApp" duration-ms="0" started-at="2019-03-10T16:13:16Z" finished-at="2019-03-10T16:13:16Z">
          <reporter-output>
          </reporter-output>
        </test-method> <!-- testApp -->
      </class> <!-- com.bbc.PageObjectDemo.AppTest -->
    </test> <!-- Command line test -->
  </suite> <!-- Command line suite -->
</testng-results>
