<?xml version="1.0" encoding="UTF-8" ?>
<testsuite tests="10" failures="1" name="TestSuite" time="2.932" errors="0" skipped="8">
  <properties>
[...]
</properties>
  <testcase classname="TestCases.NewTest" name="beforeSuite" time="0.649">
    <failure message="The driver executable does not exist: D:\唐江的文件夹\tangjiang\测试资料\自动化培训\PO\PageObjectDemo\null\chromedriver.exe" type="java.lang.IllegalStateException">java.lang.IllegalStateException: The driver executable does not exist: D:\唐江的文件夹\tangjiang\测试资料\自动化培训\PO\PageObjectDemo\null\chromedriver.exe
	at com.google.common.base.Preconditions.checkState(Preconditions.java:199)
	at org.openqa.selenium.remote.service.DriverService.checkExecutable(DriverService.java:121)
	at org.openqa.selenium.remote.service.DriverService.findExecutable(DriverService.java:116)
	at org.openqa.selenium.chrome.ChromeDriverService.access$000(ChromeDriverService.java:32)
	at org.openqa.selenium.chrome.ChromeDriverService$Builder.findDefaultExecutable(ChromeDriverService.java:137)
	at org.openqa.selenium.remote.service.DriverService$Builder.build(DriverService.java:296)
	at org.openqa.selenium.chrome.ChromeDriverService.createDefaultService(ChromeDriverService.java:88)
	at org.openqa.selenium.chrome.ChromeDriver.&lt;init&gt;(ChromeDriver.java:116)
	at com.bbc.PageObjectDemo.BrowserUtil.setupChrome(BrowserUtil.java:14)
	at TestCases.NewTest.beforeSuite(NewTest.java:63)
</failure>
    <system-out>Configuring TestNG with: org.apache.maven.surefire.testng.conf.TestNG652Configurator@707f7052
</system-out>
  </testcase>
  <testcase classname="TestCases.NewTest" name="beforeTest" time="0.651">
    <skipped/>
  </testcase>
  <testcase classname="TestCases.NewTest" name="beforeClass" time="0.653">
    <skipped/>
  </testcase>
  <testcase classname="TestCases.NewTest" name="beforeMethod" time="0.666">
    <skipped/>
  </testcase>
  <testcase classname="TestCases.NewTest" name="test_baidu" time="0">
    <skipped/>
  </testcase>
  <testcase classname="TestCases.NewTest" name="afterMethod" time="0">
    <skipped/>
  </testcase>
  <testcase classname="TestCases.NewTest" name="afterClass" time="0.001">
    <skipped/>
  </testcase>
  <testcase classname="TestCases.NewTest" name="afterTest" time="0.004">
    <skipped/>
  </testcase>
  <testcase classname="TestCases.NewTest" name="afterSuite" time="0.081">
    <skipped/>
  </testcase>
  <testcase classname="com.bbc.PageObjectDemo.AppTest" name="testApp on testApp(com.bbc.PageObjectDemo.AppTest)" time="0.227"/>
</testsuite>